build/app/intermediates/manifest_merge_blame_file/debug/processDebugMainManifest/manifest-merger-blame-debug-report.txt
1<?xml version="1.0" encoding="utf-8"?>
2<manifest xmlns:android="http://schemas.android.com/apk/res/android"
3    package="com.example.appfima"
4    android:versionCode="1"
5    android:versionName="0.1.0" >
6
7    <uses-sdk
8        android:minSdkVersion="23"
9        android:targetSdkVersion="35" />
10    <!--
11         The INTERNET permission is required for development. Specifically,
12         the Flutter tool needs it to communicate with the running application
13         to allow setting breakpoints, to provide hot reload, etc.
14    -->
15    <uses-permission android:name="android.permission.INTERNET" />
15-->src\debug\AndroidManifest.xml:6:5-66
15-->src\debug\AndroidManifest.xml:6:22-64
16    <!--
17     Required to query activities that can process text, see:
18         https://developer.android.com/training/package-visibility and
19         https://developer.android.com/reference/android/content/Intent#ACTION_PROCESS_TEXT.
20
21         In particular, this is used by the Flutter engine in io.flutter.plugin.text.ProcessTextPlugin.
22    -->
23    <queries>
23-->src\main\AndroidManifest.xml:39:5-44:15
24        <intent>
24-->src\main\AndroidManifest.xml:40:9-43:18
25            <action android:name="android.intent.action.PROCESS_TEXT" />
25-->src\main\AndroidManifest.xml:41:13-72
25-->src\main\AndroidManifest.xml:41:21-70
26
27            <data android:mimeType="text/plain" />
27-->src\main\AndroidManifest.xml:42:13-50
27-->src\main\AndroidManifest.xml:42:19-48
28        </intent>
29        <intent>
29-->[:file_picker] AndroidManifest.xml:8:9-12:18
30            <action android:name="android.intent.action.GET_CONTENT" />
30-->[:file_picker] AndroidManifest.xml:9:13-72
30-->[:file_picker] AndroidManifest.xml:9:21-69
31
32            <data android:mimeType="*/*" />
32-->src\main\AndroidManifest.xml:42:13-50
32-->src\main\AndroidManifest.xml:42:19-48
33        </intent>
34    </queries>
35
36    <uses-permission android:name="android.permission.ACCESS_NETWORK_STATE" />
36-->[com.google.firebase:firebase-auth:23.2.0] AndroidManifest.xml:26:5-79
36-->[com.google.firebase:firebase-auth:23.2.0] AndroidManifest.xml:26:22-76
37    <uses-permission android:name="com.google.android.providers.gsf.permission.READ_GSERVICES" />
37-->[com.google.android.recaptcha:recaptcha:18.6.1] AndroidManifest.xml:9:5-98
37-->[com.google.android.recaptcha:recaptcha:18.6.1] AndroidManifest.xml:9:22-95
38
39    <permission
39-->[androidx.core:core:1.15.0] AndroidManifest.xml:22:5-24:47
40        android:name="com.example.appfima.DYNAMIC_RECEIVER_NOT_EXPORTED_PERMISSION"
40-->[androidx.core:core:1.15.0] AndroidManifest.xml:23:9-81
41        android:protectionLevel="signature" />
41-->[androidx.core:core:1.15.0] AndroidManifest.xml:24:9-44
42
43    <uses-permission android:name="com.example.appfima.DYNAMIC_RECEIVER_NOT_EXPORTED_PERMISSION" />
43-->[androidx.core:core:1.15.0] AndroidManifest.xml:26:5-97
43-->[androidx.core:core:1.15.0] AndroidManifest.xml:26:22-94
44
45    <application
46        android:name="android.app.Application"
47        android:appComponentFactory="androidx.core.app.CoreComponentFactory"
47-->[androidx.core:core:1.15.0] AndroidManifest.xml:28:18-86
48        android:debuggable="true"
49        android:extractNativeLibs="false"
50        android:icon="@mipmap/ic_launcher"
51        android:label="appfima" >
52        <activity
53            android:name="com.example.appfima.MainActivity"
54            android:configChanges="orientation|keyboardHidden|keyboard|screenSize|smallestScreenSize|locale|layoutDirection|fontScale|screenLayout|density|uiMode"
55            android:exported="true"
56            android:hardwareAccelerated="true"
57            android:launchMode="singleTop"
58            android:taskAffinity=""
59            android:theme="@style/LaunchTheme"
60            android:windowSoftInputMode="adjustResize" >
61
62            <!--
63                 Specifies an Android theme to apply to this Activity as soon as
64                 the Android process has started. This theme is visible to the user
65                 while the Flutter UI initializes. After that, this theme continues
66                 to determine the Window background behind the Flutter UI.
67            -->
68            <meta-data
69                android:name="io.flutter.embedding.android.NormalTheme"
70                android:resource="@style/NormalTheme" />
71
72            <intent-filter>
73                <action android:name="android.intent.action.MAIN" />
74
75                <category android:name="android.intent.category.LAUNCHER" />
76            </intent-filter>
77        </activity>
78        <!--
79             Don't delete the meta-data below.
80             This is used by the Flutter tool to generate GeneratedPluginRegistrant.java
81        -->
82        <meta-data
83            android:name="flutterEmbedding"
84            android:value="2" />
85
86        <service
86-->[:firebase_auth] AndroidManifest.xml:8:9-12:19
87            android:name="com.google.firebase.components.ComponentDiscoveryService"
87-->[:firebase_auth] AndroidManifest.xml:8:18-89
88            android:directBootAware="true"
88-->[com.google.firebase:firebase-common:21.0.0] AndroidManifest.xml:32:13-43
89            android:exported="false" >
89-->[com.google.firebase:firebase-auth:23.2.0] AndroidManifest.xml:68:13-37
90            <meta-data
90-->[:firebase_auth] AndroidManifest.xml:9:13-11:85
91                android:name="com.google.firebase.components:io.flutter.plugins.firebase.auth.FlutterFirebaseAuthRegistrar"
91-->[:firebase_auth] AndroidManifest.xml:10:17-124
92                android:value="com.google.firebase.components.ComponentRegistrar" />
92-->[:firebase_auth] AndroidManifest.xml:11:17-82
93            <meta-data
93-->[:cloud_firestore] AndroidManifest.xml:9:13-11:85
94                android:name="com.google.firebase.components:io.flutter.plugins.firebase.firestore.FlutterFirebaseFirestoreRegistrar"
94-->[:cloud_firestore] AndroidManifest.xml:10:17-134
95                android:value="com.google.firebase.components.ComponentRegistrar" />
95-->[:cloud_firestore] AndroidManifest.xml:11:17-82
96            <meta-data
96-->[:firebase_core] AndroidManifest.xml:9:13-11:85
97                android:name="com.google.firebase.components:io.flutter.plugins.firebase.core.FlutterFirebaseCoreRegistrar"
97-->[:firebase_core] AndroidManifest.xml:10:17-124
98                android:value="com.google.firebase.components.ComponentRegistrar" />
98-->[:firebase_core] AndroidManifest.xml:11:17-82
99            <meta-data
99-->[com.google.firebase:firebase-auth:23.2.0] AndroidManifest.xml:69:13-71:85
100                android:name="com.google.firebase.components:com.google.firebase.auth.FirebaseAuthRegistrar"
100-->[com.google.firebase:firebase-auth:23.2.0] AndroidManifest.xml:70:17-109
101                android:value="com.google.firebase.components.ComponentRegistrar" />
101-->[com.google.firebase:firebase-auth:23.2.0] AndroidManifest.xml:71:17-82
102            <meta-data
102-->[com.google.firebase:firebase-firestore:25.1.3] AndroidManifest.xml:17:13-19:85
103                android:name="com.google.firebase.components:com.google.firebase.firestore.FirebaseFirestoreKtxRegistrar"
103-->[com.google.firebase:firebase-firestore:25.1.3] AndroidManifest.xml:18:17-122
104                android:value="com.google.firebase.components.ComponentRegistrar" />
104-->[com.google.firebase:firebase-firestore:25.1.3] AndroidManifest.xml:19:17-82
105            <meta-data
105-->[com.google.firebase:firebase-firestore:25.1.3] AndroidManifest.xml:20:13-22:85
106                android:name="com.google.firebase.components:com.google.firebase.firestore.FirestoreRegistrar"
106-->[com.google.firebase:firebase-firestore:25.1.3] AndroidManifest.xml:21:17-111
107                android:value="com.google.firebase.components.ComponentRegistrar" />
107-->[com.google.firebase:firebase-firestore:25.1.3] AndroidManifest.xml:22:17-82
108            <meta-data
108-->[com.google.firebase:firebase-common-ktx:21.0.0] AndroidManifest.xml:12:13-14:85
109                android:name="com.google.firebase.components:com.google.firebase.ktx.FirebaseCommonLegacyRegistrar"
109-->[com.google.firebase:firebase-common-ktx:21.0.0] AndroidManifest.xml:13:17-116
110                android:value="com.google.firebase.components.ComponentRegistrar" />
110-->[com.google.firebase:firebase-common-ktx:21.0.0] AndroidManifest.xml:14:17-82
111            <meta-data
111-->[com.google.firebase:firebase-common:21.0.0] AndroidManifest.xml:35:13-37:85
112                android:name="com.google.firebase.components:com.google.firebase.FirebaseCommonKtxRegistrar"
112-->[com.google.firebase:firebase-common:21.0.0] AndroidManifest.xml:36:17-109
113                android:value="com.google.firebase.components.ComponentRegistrar" />
113-->[com.google.firebase:firebase-common:21.0.0] AndroidManifest.xml:37:17-82
114        </service>
115
116        <activity
116-->[com.google.firebase:firebase-auth:23.2.0] AndroidManifest.xml:29:9-46:20
117            android:name="com.google.firebase.auth.internal.GenericIdpActivity"
117-->[com.google.firebase:firebase-auth:23.2.0] AndroidManifest.xml:30:13-80
118            android:excludeFromRecents="true"
118-->[com.google.firebase:firebase-auth:23.2.0] AndroidManifest.xml:31:13-46
119            android:exported="true"
119-->[com.google.firebase:firebase-auth:23.2.0] AndroidManifest.xml:32:13-36
120            android:launchMode="singleTask"
120-->[com.google.firebase:firebase-auth:23.2.0] AndroidManifest.xml:33:13-44
121            android:theme="@android:style/Theme.Translucent.NoTitleBar" >
121-->[com.google.firebase:firebase-auth:23.2.0] AndroidManifest.xml:34:13-72
122            <intent-filter>
122-->[com.google.firebase:firebase-auth:23.2.0] AndroidManifest.xml:35:13-45:29
123                <action android:name="android.intent.action.VIEW" />
123-->[com.google.firebase:firebase-auth:23.2.0] AndroidManifest.xml:36:17-69
123-->[com.google.firebase:firebase-auth:23.2.0] AndroidManifest.xml:36:25-66
124
125                <category android:name="android.intent.category.DEFAULT" />
125-->[com.google.firebase:firebase-auth:23.2.0] AndroidManifest.xml:38:17-76
125-->[com.google.firebase:firebase-auth:23.2.0] AndroidManifest.xml:38:27-73
126                <category android:name="android.intent.category.BROWSABLE" />
126-->[com.google.firebase:firebase-auth:23.2.0] AndroidManifest.xml:39:17-78
126-->[com.google.firebase:firebase-auth:23.2.0] AndroidManifest.xml:39:27-75
127
128                <data
128-->src\main\AndroidManifest.xml:42:13-50
129                    android:host="firebase.auth"
130                    android:path="/"
131                    android:scheme="genericidp" />
132            </intent-filter>
133        </activity>
134        <activity
134-->[com.google.firebase:firebase-auth:23.2.0] AndroidManifest.xml:47:9-64:20
135            android:name="com.google.firebase.auth.internal.RecaptchaActivity"
135-->[com.google.firebase:firebase-auth:23.2.0] AndroidManifest.xml:48:13-79
136            android:excludeFromRecents="true"
136-->[com.google.firebase:firebase-auth:23.2.0] AndroidManifest.xml:49:13-46
137            android:exported="true"
137-->[com.google.firebase:firebase-auth:23.2.0] AndroidManifest.xml:50:13-36
138            android:launchMode="singleTask"
138-->[com.google.firebase:firebase-auth:23.2.0] AndroidManifest.xml:51:13-44
139            android:theme="@android:style/Theme.Translucent.NoTitleBar" >
139-->[com.google.firebase:firebase-auth:23.2.0] AndroidManifest.xml:52:13-72
140            <intent-filter>
140-->[com.google.firebase:firebase-auth:23.2.0] AndroidManifest.xml:53:13-63:29
141                <action android:name="android.intent.action.VIEW" />
141-->[com.google.firebase:firebase-auth:23.2.0] AndroidManifest.xml:36:17-69
141-->[com.google.firebase:firebase-auth:23.2.0] AndroidManifest.xml:36:25-66
142
143                <category android:name="android.intent.category.DEFAULT" />
143-->[com.google.firebase:firebase-auth:23.2.0] AndroidManifest.xml:38:17-76
143-->[com.google.firebase:firebase-auth:23.2.0] AndroidManifest.xml:38:27-73
144                <category android:name="android.intent.category.BROWSABLE" />
144-->[com.google.firebase:firebase-auth:23.2.0] AndroidManifest.xml:39:17-78
144-->[com.google.firebase:firebase-auth:23.2.0] AndroidManifest.xml:39:27-75
145
146                <data
146-->src\main\AndroidManifest.xml:42:13-50
147                    android:host="firebase.auth"
148                    android:path="/"
149                    android:scheme="recaptcha" />
150            </intent-filter>
151        </activity>
152        <!--
153           Declares a provider which allows us to store files to share in
154           '.../caches/share_plus' and grant the receiving action access
155        -->
156        <provider
156-->[:share_plus] AndroidManifest.xml:13:9-21:20
157            android:name="dev.fluttercommunity.plus.share.ShareFileProvider"
157-->[:share_plus] AndroidManifest.xml:14:13-77
158            android:authorities="com.example.appfima.flutter.share_provider"
158-->[:share_plus] AndroidManifest.xml:15:13-74
159            android:exported="false"
159-->[:share_plus] AndroidManifest.xml:16:13-37
160            android:grantUriPermissions="true" >
160-->[:share_plus] AndroidManifest.xml:17:13-47
161            <meta-data
161-->[:share_plus] AndroidManifest.xml:18:13-20:68
162                android:name="android.support.FILE_PROVIDER_PATHS"
162-->[:share_plus] AndroidManifest.xml:19:17-67
163                android:resource="@xml/flutter_share_file_paths" />
163-->[:share_plus] AndroidManifest.xml:20:17-65
164        </provider>
165        <!--
166           This manifest declared broadcast receiver allows us to use an explicit
167           Intent when creating a PendingItent to be informed of the user's choice
168        -->
169        <receiver
169-->[:share_plus] AndroidManifest.xml:26:9-32:20
170            android:name="dev.fluttercommunity.plus.share.SharePlusPendingIntent"
170-->[:share_plus] AndroidManifest.xml:27:13-82
171            android:exported="false" >
171-->[:share_plus] AndroidManifest.xml:28:13-37
172            <intent-filter>
172-->[:share_plus] AndroidManifest.xml:29:13-31:29
173                <action android:name="EXTRA_CHOSEN_COMPONENT" />
173-->[:share_plus] AndroidManifest.xml:30:17-65
173-->[:share_plus] AndroidManifest.xml:30:25-62
174            </intent-filter>
175        </receiver>
176
177        <activity
177-->[:url_launcher_android] AndroidManifest.xml:8:9-11:74
178            android:name="io.flutter.plugins.urllauncher.WebViewActivity"
178-->[:url_launcher_android] AndroidManifest.xml:9:13-74
179            android:exported="false"
179-->[:url_launcher_android] AndroidManifest.xml:10:13-37
180            android:theme="@android:style/Theme.NoTitleBar.Fullscreen" />
180-->[:url_launcher_android] AndroidManifest.xml:11:13-71
181
182        <provider
182-->[com.google.firebase:firebase-common:21.0.0] AndroidManifest.xml:23:9-28:39
183            android:name="com.google.firebase.provider.FirebaseInitProvider"
183-->[com.google.firebase:firebase-common:21.0.0] AndroidManifest.xml:24:13-77
184            android:authorities="com.example.appfima.firebaseinitprovider"
184-->[com.google.firebase:firebase-common:21.0.0] AndroidManifest.xml:25:13-72
185            android:directBootAware="true"
185-->[com.google.firebase:firebase-common:21.0.0] AndroidManifest.xml:26:13-43
186            android:exported="false"
186-->[com.google.firebase:firebase-common:21.0.0] AndroidManifest.xml:27:13-37
187            android:initOrder="100" />
187-->[com.google.firebase:firebase-common:21.0.0] AndroidManifest.xml:28:13-36
188
189        <service
189-->[androidx.credentials:credentials-play-services-auth:1.2.0-rc01] AndroidManifest.xml:24:9-32:19
190            android:name="androidx.credentials.playservices.CredentialProviderMetadataHolder"
190-->[androidx.credentials:credentials-play-services-auth:1.2.0-rc01] AndroidManifest.xml:25:13-94
191            android:enabled="true"
191-->[androidx.credentials:credentials-play-services-auth:1.2.0-rc01] AndroidManifest.xml:26:13-35
192            android:exported="false" >
192-->[androidx.credentials:credentials-play-services-auth:1.2.0-rc01] AndroidManifest.xml:27:13-37
193            <meta-data
193-->[androidx.credentials:credentials-play-services-auth:1.2.0-rc01] AndroidManifest.xml:29:13-31:104
194                android:name="androidx.credentials.CREDENTIAL_PROVIDER_KEY"
194-->[androidx.credentials:credentials-play-services-auth:1.2.0-rc01] AndroidManifest.xml:30:17-76
195                android:value="androidx.credentials.playservices.CredentialProviderPlayServicesImpl" />
195-->[androidx.credentials:credentials-play-services-auth:1.2.0-rc01] AndroidManifest.xml:31:17-101
196        </service>
197
198        <activity
198-->[androidx.credentials:credentials-play-services-auth:1.2.0-rc01] AndroidManifest.xml:34:9-41:20
199            android:name="androidx.credentials.playservices.HiddenActivity"
199-->[androidx.credentials:credentials-play-services-auth:1.2.0-rc01] AndroidManifest.xml:35:13-76
200            android:configChanges="orientation|screenSize|screenLayout|keyboardHidden"
200-->[androidx.credentials:credentials-play-services-auth:1.2.0-rc01] AndroidManifest.xml:36:13-87
201            android:enabled="true"
201-->[androidx.credentials:credentials-play-services-auth:1.2.0-rc01] AndroidManifest.xml:37:13-35
202            android:exported="false"
202-->[androidx.credentials:credentials-play-services-auth:1.2.0-rc01] AndroidManifest.xml:38:13-37
203            android:fitsSystemWindows="true"
203-->[androidx.credentials:credentials-play-services-auth:1.2.0-rc01] AndroidManifest.xml:39:13-45
204            android:theme="@style/Theme.Hidden" >
204-->[androidx.credentials:credentials-play-services-auth:1.2.0-rc01] AndroidManifest.xml:40:13-48
205        </activity>
206        <activity
206-->[com.google.android.gms:play-services-auth:20.7.0] AndroidManifest.xml:23:9-27:75
207            android:name="com.google.android.gms.auth.api.signin.internal.SignInHubActivity"
207-->[com.google.android.gms:play-services-auth:20.7.0] AndroidManifest.xml:24:13-93
208            android:excludeFromRecents="true"
208-->[com.google.android.gms:play-services-auth:20.7.0] AndroidManifest.xml:25:13-46
209            android:exported="false"
209-->[com.google.android.gms:play-services-auth:20.7.0] AndroidManifest.xml:26:13-37
210            android:theme="@android:style/Theme.Translucent.NoTitleBar" />
210-->[com.google.android.gms:play-services-auth:20.7.0] AndroidManifest.xml:27:13-72
211        <!--
212            Service handling Google Sign-In user revocation. For apps that do not integrate with
213            Google Sign-In, this service will never be started.
214        -->
215        <service
215-->[com.google.android.gms:play-services-auth:20.7.0] AndroidManifest.xml:33:9-37:51
216            android:name="com.google.android.gms.auth.api.signin.RevocationBoundService"
216-->[com.google.android.gms:play-services-auth:20.7.0] AndroidManifest.xml:34:13-89
217            android:exported="true"
217-->[com.google.android.gms:play-services-auth:20.7.0] AndroidManifest.xml:35:13-36
218            android:permission="com.google.android.gms.auth.api.signin.permission.REVOCATION_NOTIFICATION"
218-->[com.google.android.gms:play-services-auth:20.7.0] AndroidManifest.xml:36:13-107
219            android:visibleToInstantApps="true" />
219-->[com.google.android.gms:play-services-auth:20.7.0] AndroidManifest.xml:37:13-48
220
221        <activity
221-->[com.google.android.gms:play-services-base:18.1.0] AndroidManifest.xml:20:9-22:45
222            android:name="com.google.android.gms.common.api.GoogleApiActivity"
222-->[com.google.android.gms:play-services-base:18.1.0] AndroidManifest.xml:20:19-85
223            android:exported="false"
223-->[com.google.android.gms:play-services-base:18.1.0] AndroidManifest.xml:22:19-43
224            android:theme="@android:style/Theme.Translucent.NoTitleBar" />
224-->[com.google.android.gms:play-services-base:18.1.0] AndroidManifest.xml:21:19-78
225
226        <provider
226-->[androidx.lifecycle:lifecycle-process:2.8.7] AndroidManifest.xml:24:9-32:20
227            android:name="androidx.startup.InitializationProvider"
227-->[androidx.lifecycle:lifecycle-process:2.8.7] AndroidManifest.xml:25:13-67
228            android:authorities="com.example.appfima.androidx-startup"
228-->[androidx.lifecycle:lifecycle-process:2.8.7] AndroidManifest.xml:26:13-68
229            android:exported="false" >
229-->[androidx.lifecycle:lifecycle-process:2.8.7] AndroidManifest.xml:27:13-37
230            <meta-data
230-->[androidx.lifecycle:lifecycle-process:2.8.7] AndroidManifest.xml:29:13-31:52
231                android:name="androidx.lifecycle.ProcessLifecycleInitializer"
231-->[androidx.lifecycle:lifecycle-process:2.8.7] AndroidManifest.xml:30:17-78
232                android:value="androidx.startup" />
232-->[androidx.lifecycle:lifecycle-process:2.8.7] AndroidManifest.xml:31:17-49
233            <meta-data
233-->[androidx.profileinstaller:profileinstaller:1.3.1] AndroidManifest.xml:29:13-31:52
234                android:name="androidx.profileinstaller.ProfileInstallerInitializer"
234-->[androidx.profileinstaller:profileinstaller:1.3.1] AndroidManifest.xml:30:17-85
235                android:value="androidx.startup" />
235-->[androidx.profileinstaller:profileinstaller:1.3.1] AndroidManifest.xml:31:17-49
236        </provider>
237
238        <uses-library
238-->[androidx.window:window:1.2.0] AndroidManifest.xml:23:9-25:40
239            android:name="androidx.window.extensions"
239-->[androidx.window:window:1.2.0] AndroidManifest.xml:24:13-54
240            android:required="false" />
240-->[androidx.window:window:1.2.0] AndroidManifest.xml:25:13-37
241        <uses-library
241-->[androidx.window:window:1.2.0] AndroidManifest.xml:26:9-28:40
242            android:name="androidx.window.sidecar"
242-->[androidx.window:window:1.2.0] AndroidManifest.xml:27:13-51
243            android:required="false" />
243-->[androidx.window:window:1.2.0] AndroidManifest.xml:28:13-37
244
245        <meta-data
245-->[com.google.android.gms:play-services-basement:18.4.0] AndroidManifest.xml:6:9-122
246            android:name="com.google.android.gms.version"
246-->[com.google.android.gms:play-services-basement:18.4.0] AndroidManifest.xml:6:20-65
247            android:value="@integer/google_play_services_version" />
247-->[com.google.android.gms:play-services-basement:18.4.0] AndroidManifest.xml:6:66-119
248
249        <receiver
249-->[androidx.profileinstaller:profileinstaller:1.3.1] AndroidManifest.xml:34:9-52:20
250            android:name="androidx.profileinstaller.ProfileInstallReceiver"
250-->[androidx.profileinstaller:profileinstaller:1.3.1] AndroidManifest.xml:35:13-76
251            android:directBootAware="false"
251-->[androidx.profileinstaller:profileinstaller:1.3.1] AndroidManifest.xml:36:13-44
252            android:enabled="true"
252-->[androidx.profileinstaller:profileinstaller:1.3.1] AndroidManifest.xml:37:13-35
253            android:exported="true"
253-->[androidx.profileinstaller:profileinstaller:1.3.1] AndroidManifest.xml:38:13-36
254            android:permission="android.permission.DUMP" >
254-->[androidx.profileinstaller:profileinstaller:1.3.1] AndroidManifest.xml:39:13-57
255            <intent-filter>
255-->[androidx.profileinstaller:profileinstaller:1.3.1] AndroidManifest.xml:40:13-42:29
256                <action android:name="androidx.profileinstaller.action.INSTALL_PROFILE" />
256-->[androidx.profileinstaller:profileinstaller:1.3.1] AndroidManifest.xml:41:17-91
256-->[androidx.profileinstaller:profileinstaller:1.3.1] AndroidManifest.xml:41:25-88
257            </intent-filter>
258            <intent-filter>
258-->[androidx.profileinstaller:profileinstaller:1.3.1] AndroidManifest.xml:43:13-45:29
259                <action android:name="androidx.profileinstaller.action.SKIP_FILE" />
259-->[androidx.profileinstaller:profileinstaller:1.3.1] AndroidManifest.xml:44:17-85
259-->[androidx.profileinstaller:profileinstaller:1.3.1] AndroidManifest.xml:44:25-82
260            </intent-filter>
261            <intent-filter>
261-->[androidx.profileinstaller:profileinstaller:1.3.1] AndroidManifest.xml:46:13-48:29
262                <action android:name="androidx.profileinstaller.action.SAVE_PROFILE" />
262-->[androidx.profileinstaller:profileinstaller:1.3.1] AndroidManifest.xml:47:17-88
262-->[androidx.profileinstaller:profileinstaller:1.3.1] AndroidManifest.xml:47:25-85
263            </intent-filter>
264            <intent-filter>
264-->[androidx.profileinstaller:profileinstaller:1.3.1] AndroidManifest.xml:49:13-51:29
265                <action android:name="androidx.profileinstaller.action.BENCHMARK_OPERATION" />
265-->[androidx.profileinstaller:profileinstaller:1.3.1] AndroidManifest.xml:50:17-95
265-->[androidx.profileinstaller:profileinstaller:1.3.1] AndroidManifest.xml:50:25-92
266            </intent-filter>
267        </receiver> <!-- The activities will be merged into the manifest of the hosting app. -->
268        <activity
268-->[com.google.android.play:core-common:2.0.3] AndroidManifest.xml:14:9-18:65
269            android:name="com.google.android.play.core.common.PlayCoreDialogWrapperActivity"
269-->[com.google.android.play:core-common:2.0.3] AndroidManifest.xml:15:13-93
270            android:exported="false"
270-->[com.google.android.play:core-common:2.0.3] AndroidManifest.xml:16:13-37
271            android:stateNotNeeded="true"
271-->[com.google.android.play:core-common:2.0.3] AndroidManifest.xml:17:13-42
272            android:theme="@style/Theme.PlayCore.Transparent" />
272-->[com.google.android.play:core-common:2.0.3] AndroidManifest.xml:18:13-62
273    </application>
274
275</manifest>